This is pdfTeX, Version 3.141592653-2.6-1.40.27 (MiKTeX 25.4) (preloaded format=pdflatex 2025.5.4)  4 MAY 2025 17:11
entering extended mode
 restricted \write18 enabled.
 %&-line parsing enabled.
**./refman.tex
(refman.tex
LaTeX2e <2024-11-01> patch level 2
L3 programming layer <2025-03-26>
(D:\Users\mathe\AppData\Local\Programs\MiKTeX\tex/generic/iftex\iftex.sty
Package: iftex 2024/12/12 v1.0g TeX engine tests
)
(D:\Users\mathe\AppData\Local\Programs\MiKTeX\tex/latex/base\book.cls
Document Class: book 2024/06/29 v1.4n Standard LaTeX document class
(D:\Users\mathe\AppData\Local\Programs\MiKTeX\tex/latex/base\bk10.clo
File: bk10.clo 2024/06/29 v1.4n Standard LaTeX file (size option)
)
\c@part=\count197
\c@chapter=\count198
\c@section=\count199
\c@subsection=\count266
\c@subsubsection=\count267
\c@paragraph=\count268
\c@subparagraph=\count269
\c@figure=\count270
\c@table=\count271
\abovecaptionskip=\skip49
\belowcaptionskip=\skip50
\bibindent=\dimen146
)
(D:\Users\mathe\AppData\Local\Programs\MiKTeX\tex/latex/base\ifthen.sty
Package: ifthen 2024/03/16 v1.1e Standard LaTeX ifthen package (DPC)
)
(D:\Users\mathe\AppData\Local\Programs\MiKTeX\tex/latex/tools\array.sty
Rollback for package 'array' requested -> date 2016-10-06.
         Best approximation is the release introduced on 2016-10-06.

(D:\Users\mathe\AppData\Local\Programs\MiKTeX\tex/latex/tools\array-2016-10-06.
sty
Package: array 2016/10/06 v2.4d Tabular extension package (FMi)
\col@sep=\dimen147
\extrarowheight=\dimen148
\NC@list=\toks17
\extratabsurround=\skip51
\backup@length=\skip52
))
(D:\Users\mathe\AppData\Local\Programs\MiKTeX\tex/generic/infwarerr\infwarerr.s
ty
package info suppressed
) (doxygen.sty
Package: doxygen 

(D:\Users\mathe\AppData\Local\Programs\MiKTeX\tex/latex/base\alltt.sty
Package: alltt 2024/07/07 v2.0g defines alltt environment
)
(D:\Users\mathe\AppData\Local\Programs\MiKTeX\tex/latex/tools\calc.sty
Package: calc 2023/07/08 v4.3 Infix arithmetic (KKT,FJ)
\calc@Acount=\count272
\calc@Bcount=\count273
\calc@Adimen=\dimen149
\calc@Bdimen=\dimen150
\calc@Askip=\skip53
\calc@Bskip=\skip54
LaTeX Info: Redefining \setlength on input line 80.
LaTeX Info: Redefining \addtolength on input line 81.
\calc@Ccount=\count274
\calc@Cskip=\skip55
)
(D:\Users\mathe\AppData\Local\Programs\MiKTeX\tex/latex/float\float.sty
Package: float 2001/11/08 v1.3d Float enhancements (AL)
\c@float@type=\count275
\float@exts=\toks18
\float@box=\box53
\@float@everytoks=\toks19
\@floatcapt=\box54
)
(D:\Users\mathe\AppData\Local\Programs\MiKTeX\tex/latex/tools\verbatim.sty
Package: verbatim 2024-01-22 v1.5x LaTeX2e package for verbatim enhancements
\every@verbatim=\toks20
\verbatim@line=\toks21
\verbatim@in@stream=\read2
)
(D:\Users\mathe\AppData\Local\Programs\MiKTeX\tex/latex/xcolor\xcolor.sty
Package: xcolor 2024/09/29 v3.02 LaTeX color extensions (UK)

(D:\Users\mathe\AppData\Local\Programs\MiKTeX\tex/latex/graphics-cfg\color.cfg
File: color.cfg 2016/01/02 v1.6 sample color configuration
)
Package xcolor Info: Driver file: pdftex.def on input line 274.

(D:\Users\mathe\AppData\Local\Programs\MiKTeX\tex/latex/graphics-def\pdftex.def
File: pdftex.def 2024/04/13 v1.2c Graphics/color driver for pdftex
)
(D:\Users\mathe\AppData\Local\Programs\MiKTeX\tex/latex/graphics\mathcolor.ltx)
Package xcolor Info: Model `cmy' substituted by `cmy0' on input line 1349.
Package xcolor Info: Model `hsb' substituted by `rgb' on input line 1353.
Package xcolor Info: Model `RGB' extended on input line 1365.
Package xcolor Info: Model `HTML' substituted by `rgb' on input line 1367.
Package xcolor Info: Model `Hsb' substituted by `hsb' on input line 1368.
Package xcolor Info: Model `tHsb' substituted by `hsb' on input line 1369.
Package xcolor Info: Model `HSB' substituted by `hsb' on input line 1370.
Package xcolor Info: Model `Gray' substituted by `gray' on input line 1371.
Package xcolor Info: Model `wave' substituted by `hsb' on input line 1372.
) (D:\Users\mathe\AppData\Local\Programs\MiKTeX\tex/latex/colortbl\colortbl.sty
Package: colortbl 2024/07/06 v1.0i Color table columns (DPC)
\everycr=\toks22
\minrowclearance=\skip56
\rownum=\count276
) (longtable_doxygen.sty
Package: longtable_doxygen 2014/10/28 v4.11 Multi-page Table package (DPC) - fr
ozen version for doxygen
\LTleft=\skip57
\LTright=\skip58
\LTpre=\skip59
\LTpost=\skip60
\LTchunksize=\count277
\LTcapwidth=\dimen151
\LT@head=\box55
\LT@firsthead=\box56
\LT@foot=\box57
\LT@lastfoot=\box58
\LT@cols=\count278
\LT@rows=\count279
\c@LT@tables=\count280
\c@LT@chunks=\count281
\LT@p@ftn=\toks23
) (tabu_doxygen.sty
Package: tabu_doxygen 2011/02/26 v2.8 - flexible LaTeX tabulars (FC), frozen ve
rsion for doxygen

(D:\Users\mathe\AppData\Local\Programs\MiKTeX\tex/latex/varwidth\varwidth.sty
Package: varwidth 2009/03/30 ver 0.92;  Variable-width minipages
\@vwid@box=\box59
\sift@deathcycles=\count282
\@vwid@loff=\dimen152
\@vwid@roff=\dimen153
)
\c@taburow=\count283
\tabu@nbcols=\count284
\tabu@cnt=\count285
\tabu@Xcol=\count286
\tabu@alloc=\count287
\tabu@nested=\count288
\tabu@target=\dimen154
\tabu@spreadtarget=\dimen155
\tabu@naturalX=\dimen156
\tabucolX=\dimen157
\tabu@Xsum=\dimen158
\extrarowdepth=\dimen159
\abovetabulinesep=\dimen160
\belowtabulinesep=\dimen161
\tabustrutrule=\dimen162
\tabu@thebody=\toks24
\tabu@footnotes=\toks25
\tabu@box=\box60
\tabu@arstrutbox=\box61
\tabu@hleads=\box62
\tabu@vleads=\box63
\tabu@cellskip=\skip61
) (D:\Users\mathe\AppData\Local\Programs\MiKTeX\tex/latex/fancyvrb\fancyvrb.sty
Package: fancyvrb 2024/01/20 4.5c verbatim text (tvz,hv)

(D:\Users\mathe\AppData\Local\Programs\MiKTeX\tex/latex/graphics\keyval.sty
Package: keyval 2022/05/29 v1.15 key=value parser (DPC)
\KV@toks@=\toks26
)
\FV@CodeLineNo=\count289
\FV@InFile=\read3
\FV@TabBox=\box64
\c@FancyVerbLine=\count290
\FV@StepNumber=\count291
\FV@OutFile=\write3
)
(D:\Users\mathe\AppData\Local\Programs\MiKTeX\tex/latex/tools\tabularx.sty
Package: tabularx 2023/12/11 v2.12a `tabularx' package (DPC)
\TX@col@width=\dimen163
\TX@old@table=\dimen164
\TX@old@col=\dimen165
\TX@target=\dimen166
\TX@delta=\dimen167
\TX@cols=\count292
\TX@ftn=\toks27
)
(D:\Users\mathe\AppData\Local\Programs\MiKTeX\tex/latex/tools\multicol.sty
Package: multicol 2024/09/14 v1.9i multicolumn formatting (FMi)
\c@tracingmulticols=\count293
\mult@box=\box65
\multicol@leftmargin=\dimen168
\c@unbalance=\count294
\c@collectmore=\count295
\doublecol@number=\count296
\multicoltolerance=\count297
\multicolpretolerance=\count298
\full@width=\dimen169
\page@free=\dimen170
\premulticols=\dimen171
\postmulticols=\dimen172
\multicolsep=\skip62
\multicolbaselineskip=\skip63
\partial@page=\box66
\last@line=\box67
\mc@boxedresult=\box68
\maxbalancingoverflow=\dimen173
\mult@rightbox=\box69
\mult@grightbox=\box70
\mult@firstbox=\box71
\mult@gfirstbox=\box72
\@tempa=\box73
\@tempa=\box74
\@tempa=\box75
\@tempa=\box76
\@tempa=\box77
\@tempa=\box78
\@tempa=\box79
\@tempa=\box80
\@tempa=\box81
\@tempa=\box82
\@tempa=\box83
\@tempa=\box84
\@tempa=\box85
\@tempa=\box86
\@tempa=\box87
\@tempa=\box88
\@tempa=\box89
\@tempa=\box90
\@tempa=\box91
\@tempa=\box92
\@tempa=\box93
\@tempa=\box94
\@tempa=\box95
\@tempa=\box96
\@tempa=\box97
\@tempa=\box98
\@tempa=\box99
\@tempa=\box100
\@tempa=\box101
\@tempa=\box102
\@tempa=\box103
\@tempa=\box104
\@tempa=\box105
\@tempa=\box106
\@tempa=\box107
\@tempa=\box108
\c@minrows=\count299
\c@columnbadness=\count300
\c@finalcolumnbadness=\count301
\last@try=\dimen174
\multicolovershoot=\dimen175
\multicolundershoot=\dimen176
\mult@nat@firstbox=\box109
\colbreak@box=\box110
\mc@col@check@num=\count302
)
(D:\Users\mathe\AppData\Local\Programs\MiKTeX\tex/latex/multirow\multirow.sty
Package: multirow 2024/11/12 v2.9 Span multiple rows of a table
\multirow@colwidth=\skip64
\multirow@cntb=\count303
\multirow@dima=\skip65
\bigstrutjot=\dimen177
)
(D:\Users\mathe\AppData\Local\Programs\MiKTeX\tex/latex/hanging\hanging.sty
Package: hanging 2009/09/02 v1.2b hanging paragraphs and punctuation
\h@ngcommawd=\skip66
\h@ngfstopwd=\skip67
\h@ngquotewd=\skip68
\h@ngdquotewd=\skip69
\h@ngquerywd=\skip70
\h@ngexclwd=\skip71
\h@ngcolonwd=\skip72
\h@ngscolonwd=\skip73
)
(D:\Users\mathe\AppData\Local\Programs\MiKTeX\tex/generic/iftex\ifpdf.sty
Package: ifpdf 2019/10/25 v3.4 ifpdf legacy package. Use iftex instead.
)
(D:\Users\mathe\AppData\Local\Programs\MiKTeX\tex/latex/adjustbox\adjustbox.sty
Package: adjustbox 2025/02/26 v1.3c Adjusting TeX boxes (trim, clip, ...)
(D:\Users\mathe\AppData\Local\Programs\MiKTeX\tex/latex/xkeyval\xkeyval.sty
Package: xkeyval 2022/06/16 v2.9 package option processing (HA)

(D:\Users\mathe\AppData\Local\Programs\MiKTeX\tex/generic/xkeyval\xkeyval.tex
(D:\Users\mathe\AppData\Local\Programs\MiKTeX\tex/generic/xkeyval\xkvutils.tex
\XKV@toks=\toks28
\XKV@tempa@toks=\toks29
)
\XKV@depth=\count304
File: xkeyval.tex 2014/12/03 v2.7a key=value parser (HA)
))
(D:\Users\mathe\AppData\Local\Programs\MiKTeX\tex/latex/adjustbox\adjcalc.sty
Package: adjcalc 2012/05/16 v1.1 Provides advanced setlength with multiple back
-ends (calc, etex, pgfmath)
)
(D:\Users\mathe\AppData\Local\Programs\MiKTeX\tex/latex/adjustbox\trimclip.sty
Package: trimclip 2025/02/21 v1.2a Trim and clip general TeX material

(D:\Users\mathe\AppData\Local\Programs\MiKTeX\tex/latex/graphics\graphicx.sty
Package: graphicx 2021/09/16 v1.2d Enhanced LaTeX Graphics (DPC,SPQR)

(D:\Users\mathe\AppData\Local\Programs\MiKTeX\tex/latex/graphics\graphics.sty
Package: graphics 2024/08/06 v1.4g Standard LaTeX Graphics (DPC,SPQR)

(D:\Users\mathe\AppData\Local\Programs\MiKTeX\tex/latex/graphics\trig.sty
Package: trig 2023/12/02 v1.11 sin cos tan (DPC)
)
(D:\Users\mathe\AppData\Local\Programs\MiKTeX\tex/latex/graphics-cfg\graphics.c
fg
File: graphics.cfg 2016/06/04 v1.11 sample graphics configuration
)
Package graphics Info: Driver file: pdftex.def on input line 106.
)
\Gin@req@height=\dimen178
\Gin@req@width=\dimen179
)
(D:\Users\mathe\AppData\Local\Programs\MiKTeX\tex/latex/collectbox\collectbox.s
ty
Package: collectbox 2022/10/17 v0.4c Collect macro arguments as boxes
\collectedbox=\box111
)
\tc@llx=\dimen180
\tc@lly=\dimen181
\tc@urx=\dimen182
\tc@ury=\dimen183
Package trimclip Info: Using driver 'tc-pdftex.def'.

(D:\Users\mathe\AppData\Local\Programs\MiKTeX\tex/latex/adjustbox\tc-pdftex.def
File: tc-pdftex.def 2025/02/26 v2.3 Clipping driver for pdftex
))
\adjbox@Width=\dimen184
\adjbox@Height=\dimen185
\adjbox@Depth=\dimen186
\adjbox@Totalheight=\dimen187
\adjbox@pwidth=\dimen188
\adjbox@pheight=\dimen189
\adjbox@pdepth=\dimen190
\adjbox@ptotalheight=\dimen191

(D:\Users\mathe\AppData\Local\Programs\MiKTeX\tex/latex/ifoddpage\ifoddpage.sty
Package: ifoddpage 2022/10/18 v1.2 Conditionals for odd/even page detection
\c@checkoddpage=\count305
)) (D:\Users\mathe\AppData\Local\Programs\MiKTeX\tex/latex/amsfonts\amssymb.sty
Package: amssymb 2013/01/14 v3.01 AMS font symbols
(D:\Users\mathe\AppData\Local\Programs\MiKTeX\tex/latex/amsfonts\amsfonts.sty
Package: amsfonts 2013/01/14 v3.01 Basic AMSFonts support
\@emptytoks=\toks30
\symAMSa=\mathgroup4
\symAMSb=\mathgroup5
LaTeX Font Info:    Redeclaring math symbol \hbar on input line 98.
LaTeX Font Info:    Overwriting math alphabet `\mathfrak' in version `bold'
(Font)                  U/euf/m/n --> U/euf/b/n on input line 106.
))
(D:\Users\mathe\AppData\Local\Programs\MiKTeX\tex/latex/stackengine\stackengine
.sty
Package: stackengine 2021/07/22 v4.11\ Stacking text and objects in convenient 
ways

(D:\Users\mathe\AppData\Local\Programs\MiKTeX\tex/latex/etoolbox\etoolbox.sty
Package: etoolbox 2025/02/11 v2.5l e-TeX tools for LaTeX (JAW)
\etb@tempcnta=\count306
)
(D:\Users\mathe\AppData\Local\Programs\MiKTeX\tex/latex/listofitems\listofitems
.sty
(D:\Users\mathe\AppData\Local\Programs\MiKTeX\tex/generic/listofitems\listofite
ms.tex
\loi_cnt_foreach_nest=\count307
\loi_nestcnt=\count308
)
Package: listofitems 2024/03/09 v1.65 Grab items in lists using user-specified 
sep char (CT)
)
\c@@stackindex=\count309
\@boxshift=\skip74
\stack@tmplength=\skip75
\temp@stkl=\skip76
\@stackedboxwidth=\skip77
\@addedbox=\box112
\@anchorbox=\box113
\@insetbox=\box114
\se@backgroundbox=\box115
\stackedbox=\box116
\@centerbox=\box117
\c@ROWcellindex@=\count310
)
(D:\Users\mathe\AppData\Local\Programs\MiKTeX\tex/latex/enumitem\enumitem.sty
Package: enumitem 2025/02/06 v3.11 Customized lists
\labelindent=\skip78
\enit@outerparindent=\dimen192
\enit@toks=\toks31
\enit@inbox=\box118
\enit@count@id=\count311
\enitdp@description=\count312
)
(D:\Users\mathe\AppData\Local\Programs\MiKTeX\tex/generic/alphalph\alphalph.sty
Package: alphalph 2019/12/09 v2.6 Convert numbers to letters (HO)
(D:\Users\mathe\AppData\Local\Programs\MiKTeX\tex/generic/intcalc\intcalc.sty
Package: intcalc 2019/12/15 v1.3 Expandable calculations with integers (HO)
)) (D:\Users\mathe\AppData\Local\Programs\MiKTeX\tex/latex/ulem\ulem.sty
\UL@box=\box119
\UL@hyphenbox=\box120
\UL@skip=\skip79
\UL@hook=\toks32
\UL@height=\dimen193
\UL@pe=\count313
\UL@pixel=\dimen194
\ULC@box=\box121
Package: ulem 2019/11/18
\ULdepth=\dimen195
)
\xrefbox=\box122
\xreflength=\skip80
\CodeWidthChar=\skip81
\CodeHeightChar=\skip82
\DoxyCodeWidth=\skip83
\c@DoxyEnumeratei=\count314
\c@DoxyEnumerateii=\count315
\c@DoxyEnumerateiii=\count316
\c@DoxyEnumerateiv=\count317
\c@DoxyEnumeratev=\count318
\c@DoxyEnumeratevi=\count319
\c@DoxyEnumeratevii=\count320
\c@DoxyEnumerateviii=\count321
\c@DoxyEnumerateix=\count322
\c@DoxyEnumeratex=\count323
\c@DoxyEnumeratexi=\count324
\c@DoxyEnumeratexii=\count325
\enitdp@DoxyEnumerate=\count326
\enitdp@DoxyItemize=\count327
\c@subsubsubsection=\count328
\c@subsubsubsubsection=\count329
\c@subsubsubsubsubsection=\count330
\c@subsubsubsubsubsubsection=\count331
)
(D:\Users\mathe\AppData\Local\Programs\MiKTeX\tex/latex/base\inputenc.sty
Package: inputenc 2024/02/08 v1.3d Input encoding file
\inpenc@prehook=\toks33
\inpenc@posthook=\toks34
)
(D:\Users\mathe\AppData\Local\Programs\MiKTeX\tex/latex/base\makeidx.sty
Package: makeidx 2021/10/04 v1.0m Standard LaTeX package
)
(D:\Users\mathe\AppData\Local\Programs\MiKTeX\tex/latex/base\textcomp.sty
Package: textcomp 2024/04/24 v2.1b Standard LaTeX package
)
(D:\Users\mathe\AppData\Local\Programs\MiKTeX\tex/latex/wasysym\wasysym.sty
Package: wasysym 2020/01/19 v2.4 Wasy-2 symbol support package
\symwasy=\mathgroup6
LaTeX Font Info:    Overwriting symbol font `wasy' in version `bold'
(Font)                  U/wasy/m/n --> U/wasy/b/n on input line 93.
)
(D:\Users\mathe\AppData\Local\Programs\MiKTeX\tex/generic/iftex\ifxetex.sty
Package: ifxetex 2019/10/25 v0.7 ifxetex legacy package. Use iftex instead.
)
(D:\Users\mathe\AppData\Local\Programs\MiKTeX\tex/generic/babel\babel.sty
Package: babel 2025/04/14 v25.7 The multilingual framework for pdfLaTeX, LuaLaT
eX and XeLaTeX
\babel@savecnt=\count332
\U@D=\dimen196
\l@unhyphenated=\language79

(D:\Users\mathe\AppData\Local\Programs\MiKTeX\tex/generic/babel\txtbabel.def)
\bbl@readstream=\read4
\bbl@dirlevel=\count333

*************************************
* Local config file bblopts.cfg used
*
(D:\Users\mathe\AppData\Local\Programs\MiKTeX\tex/latex/arabi\bblopts.cfg
File: bblopts.cfg 2005/09/08 v0.1 add Arabic and Farsi to "declared" options of
 babel
)
(D:\Users\mathe\AppData\Local\Programs\MiKTeX\tex/latex/babel-portuges\portuges
.ldf
Language: portuges 2021/07/09 v1.2t Portuguese support from the babel system
Package babel Info: Making " an active character on input line 143.
)) (D:\Users\mathe\AppData\Local\Programs\MiKTeX\tex/latex/base\fontenc.sty
Package: fontenc 2021/04/29 v2.0v Standard LaTeX package
) (D:\Users\mathe\AppData\Local\Programs\MiKTeX\tex/latex/psnfss\helvet.sty
Package: helvet 2020/03/25 PSNFSS-v9.3 (WaS) 
)
(D:\Users\mathe\AppData\Local\Programs\MiKTeX\tex/latex/psnfss\courier.sty
Package: courier 2020/03/25 PSNFSS-v9.3 (WaS) 
)
(D:\Users\mathe\AppData\Local\Programs\MiKTeX\tex/latex/geometry\geometry.sty
Package: geometry 2020/01/02 v5.9 Page Geometry

(D:\Users\mathe\AppData\Local\Programs\MiKTeX\tex/generic/iftex\ifvtex.sty
Package: ifvtex 2019/10/25 v1.7 ifvtex legacy package. Use iftex instead.
)
\Gm@cnth=\count334
\Gm@cntv=\count335
\c@Gm@tempcnt=\count336
\Gm@bindingoffset=\dimen197
\Gm@wd@mp=\dimen198
\Gm@odd@mp=\dimen199
\Gm@even@mp=\dimen256
\Gm@layoutwidth=\dimen257
\Gm@layoutheight=\dimen258
\Gm@layouthoffset=\dimen259
\Gm@layoutvoffset=\dimen260
\Gm@dimlist=\toks35

(D:\Users\mathe\AppData\Local\Programs\MiKTeX\tex/latex/geometry\geometry.cfg))

(D:\Users\mathe\AppData\Local\Programs\MiKTeX\tex/latex/changepage\changepage.s
ty
Package: changepage 2009/10/20 v1.0c check page and change page layout
\c@cp@cntr=\count337
\cp@tempcnt=\count338
LaTeX Info: Redefining \checkoddpage on input line 59.
)
(D:\Users\mathe\AppData\Local\Programs\MiKTeX\tex/latex/fancyhdr\fancyhdr.sty
Package: fancyhdr 2025/02/07 v5.2 Extensive control of page headers and footers

\f@nch@headwidth=\skip84
\f@nch@offset@elh=\skip85
\f@nch@offset@erh=\skip86
\f@nch@offset@olh=\skip87
\f@nch@offset@orh=\skip88
\f@nch@offset@elf=\skip89
\f@nch@offset@erf=\skip90
\f@nch@offset@olf=\skip91
\f@nch@offset@orf=\skip92
\f@nch@height=\skip93
\f@nch@footalignment=\skip94
\f@nch@widthL=\skip95
\f@nch@widthC=\skip96
\f@nch@widthR=\skip97
\@temptokenb=\toks36
)
(D:\Users\mathe\AppData\Local\Programs\MiKTeX\tex/latex/natbib\natbib.sty
Package: natbib 2010/09/13 8.31b (PWD, AO)
\bibhang=\skip98
\bibsep=\skip99
LaTeX Info: Redefining \cite on input line 694.
\c@NAT@ctr=\count339
)
(D:\Users\mathe\AppData\Local\Programs\MiKTeX\tex/latex/tocloft\tocloft.sty
Package: tocloft 2017/08/31 v2.3i parameterised ToC, etc., typesetting
Package tocloft Info: The document has chapter divisions on input line 51.
\cftparskip=\skip100
\cftbeforetoctitleskip=\skip101
\cftaftertoctitleskip=\skip102
\cftbeforepartskip=\skip103
\cftpartnumwidth=\skip104
\cftpartindent=\skip105
\cftbeforechapskip=\skip106
\cftchapindent=\skip107
\cftchapnumwidth=\skip108
\cftbeforesecskip=\skip109
\cftsecindent=\skip110
\cftsecnumwidth=\skip111
\cftbeforesubsecskip=\skip112
\cftsubsecindent=\skip113
\cftsubsecnumwidth=\skip114
\cftbeforesubsubsecskip=\skip115
\cftsubsubsecindent=\skip116
\cftsubsubsecnumwidth=\skip117
\cftbeforeparaskip=\skip118
\cftparaindent=\skip119
\cftparanumwidth=\skip120
\cftbeforesubparaskip=\skip121
\cftsubparaindent=\skip122
\cftsubparanumwidth=\skip123
\cftbeforeloftitleskip=\skip124
\cftafterloftitleskip=\skip125
\cftbeforefigskip=\skip126
\cftfigindent=\skip127
\cftfignumwidth=\skip128
\c@lofdepth=\count340
\c@lotdepth=\count341
\cftbeforelottitleskip=\skip129
\cftafterlottitleskip=\skip130
\cftbeforetabskip=\skip131
\cfttabindent=\skip132
\cfttabnumwidth=\skip133
)
\@indexfile=\write4
\openout4 = `refman.idx'.


Writing index file refman.idx

(D:\Users\mathe\AppData\Local\Programs\MiKTeX\tex/latex/newunicodechar\newunico
dechar.sty
Package: newunicodechar 2018/04/08 v1.2 Defining Unicode characters
)
(D:\Users\mathe\AppData\Local\Programs\MiKTeX\tex/latex/hyperref\hyperref.sty
Package: hyperref 2024-11-05 v7.01l Hypertext links for LaTeX

(D:\Users\mathe\AppData\Local\Programs\MiKTeX\tex/latex/kvsetkeys\kvsetkeys.sty
Package: kvsetkeys 2022-10-05 v1.19 Key value parser (HO)
)
(D:\Users\mathe\AppData\Local\Programs\MiKTeX\tex/generic/kvdefinekeys\kvdefine
keys.sty
Package: kvdefinekeys 2019-12-19 v1.6 Define keys (HO)
)
(D:\Users\mathe\AppData\Local\Programs\MiKTeX\tex/generic/pdfescape\pdfescape.s
ty
Package: pdfescape 2019/12/09 v1.15 Implements pdfTeX's escape features (HO)

(D:\Users\mathe\AppData\Local\Programs\MiKTeX\tex/generic/ltxcmds\ltxcmds.sty
Package: ltxcmds 2023-12-04 v1.26 LaTeX kernel commands for general use (HO)
)
(D:\Users\mathe\AppData\Local\Programs\MiKTeX\tex/generic/pdftexcmds\pdftexcmds
.sty
Package: pdftexcmds 2020-06-27 v0.33 Utility functions of pdfTeX for LuaTeX (HO
)
Package pdftexcmds Info: \pdf@primitive is available.
Package pdftexcmds Info: \pdf@ifprimitive is available.
Package pdftexcmds Info: \pdfdraftmode found.
))
(D:\Users\mathe\AppData\Local\Programs\MiKTeX\tex/latex/hycolor\hycolor.sty
Package: hycolor 2020-01-27 v1.10 Color options for hyperref/bookmark (HO)
)
(D:\Users\mathe\AppData\Local\Programs\MiKTeX\tex/latex/hyperref\nameref.sty
Package: nameref 2023-11-26 v2.56 Cross-referencing by name of section

(D:\Users\mathe\AppData\Local\Programs\MiKTeX\tex/latex/refcount\refcount.sty
Package: refcount 2019/12/15 v3.6 Data extraction from label references (HO)
)
(D:\Users\mathe\AppData\Local\Programs\MiKTeX\tex/generic/gettitlestring\gettit
lestring.sty
Package: gettitlestring 2019/12/15 v1.6 Cleanup title references (HO)

(D:\Users\mathe\AppData\Local\Programs\MiKTeX\tex/latex/kvoptions\kvoptions.sty
Package: kvoptions 2022-06-15 v3.15 Key value format for package options (HO)
))
\c@section@level=\count342
)
(D:\Users\mathe\AppData\Local\Programs\MiKTeX\tex/generic/stringenc\stringenc.s
ty
Package: stringenc 2019/11/29 v1.12 Convert strings between diff. encodings (HO
)
)
\@linkdim=\dimen261
\Hy@linkcounter=\count343
\Hy@pagecounter=\count344
 (D:\Users\mathe\AppData\Local\Programs\MiKTeX\tex/latex/hyperref\pd1enc.def
File: pd1enc.def 2024-11-05 v7.01l Hyperref: PDFDocEncoding definition (HO)
Now handling font encoding PD1 ...
... no UTF-8 mapping file for font encoding PD1
)
\Hy@SavedSpaceFactor=\count345
 (D:\Users\mathe\AppData\Local\Programs\MiKTeX\tex/latex/hyperref\puenc.def
File: puenc.def 2024-11-05 v7.01l Hyperref: PDF Unicode definition (HO)
Now handling font encoding PU ...
... no UTF-8 mapping file for font encoding PU
)
Package hyperref Info: Hyper figures OFF on input line 4157.
Package hyperref Info: Link nesting OFF on input line 4162.
Package hyperref Info: Hyper index ON on input line 4165.
Package hyperref Info: Plain pages OFF on input line 4172.
Package hyperref Info: Backreferencing ON on input line 4175.
Package hyperref Info: Implicit mode ON; LaTeX internals redefined.
Package hyperref Info: Bookmarks ON on input line 4424.

(D:\Users\mathe\AppData\Local\Programs\MiKTeX\tex/latex/hyperref\backref.sty
Package: backref 2023-11-26 v1.44 Bibliographical back referencing

(D:\Users\mathe\AppData\Local\Programs\MiKTeX\tex/latex/rerunfilecheck\rerunfil
echeck.sty
Package: rerunfilecheck 2022-07-10 v1.10 Rerun checks for auxiliary files (HO)

(D:\Users\mathe\AppData\Local\Programs\MiKTeX\tex/latex/base\atveryend-ltx.sty
Package: atveryend-ltx 2020/08/19 v1.0a Emulation of the original atveryend pac
kage
with kernel methods
)
(D:\Users\mathe\AppData\Local\Programs\MiKTeX\tex/generic/uniquecounter\uniquec
ounter.sty
Package: uniquecounter 2019/12/15 v1.4 Provide unlimited unique counter (HO)

(D:\Users\mathe\AppData\Local\Programs\MiKTeX\tex/generic/bigintcalc\bigintcalc
.sty
Package: bigintcalc 2019/12/15 v1.5 Expandable calculations on big integers (HO
)
))
Package uniquecounter Info: New unique counter `rerunfilecheck' on input line 2
85.
))
\c@Hy@tempcnt=\count346
 (D:\Users\mathe\AppData\Local\Programs\MiKTeX\tex/latex/url\url.sty
\Urlmuskip=\muskip17
Package: url 2013/09/16  ver 3.4  Verb mode for urls, etc.
)
LaTeX Info: Redefining \url on input line 4763.
\XeTeXLinkMargin=\dimen262

(D:\Users\mathe\AppData\Local\Programs\MiKTeX\tex/generic/bitset\bitset.sty
Package: bitset 2019/12/09 v1.3 Handle bit-vector datatype (HO)
)
\Fld@menulength=\count347
\Field@Width=\dimen263
\Fld@charsize=\dimen264
Package hyperref Info: Hyper figures OFF on input line 6042.
Package hyperref Info: Link nesting OFF on input line 6047.
Package hyperref Info: Hyper index ON on input line 6050.
Package hyperref Info: backreferencing ON on input line 6055.
Package hyperref Info: Link coloring OFF on input line 6062.
Package hyperref Info: Link coloring with OCG OFF on input line 6067.
Package hyperref Info: PDF/A mode OFF on input line 6072.

(D:\Users\mathe\AppData\Local\Programs\MiKTeX\tex/latex/base\atbegshi-ltx.sty
Package: atbegshi-ltx 2021/01/10 v1.0c Emulation of the original atbegshi
package with kernel methods
)
\Hy@abspage=\count348
\c@Item=\count349
\c@Hfootnote=\count350
)
Package hyperref Info: Driver: hpdftex.
(D:\Users\mathe\AppData\Local\Programs\MiKTeX\tex/latex/hyperref\hpdftex.def
File: hpdftex.def 2024-11-05 v7.01l Hyperref driver for pdfTeX
\Fld@listcount=\count351
\c@bookmark@seq@number=\count352
\Hy@SectionHShift=\skip134
)
Package hyperref Info: Option `colorlinks' set `true' on input line 188.
Package hyperref Info: Option `unicode' set `true' on input line 188.

(D:\Users\mathe\AppData\Local\Programs\MiKTeX\tex/latex/caption\caption.sty
Package: caption 2023/08/05 v3.6o Customizing captions (AR)

(D:\Users\mathe\AppData\Local\Programs\MiKTeX\tex/latex/caption\caption3.sty
Package: caption3 2023/07/31 v2.4d caption3 kernel (AR)
\caption@tempdima=\dimen265
\captionmargin=\dimen266
\caption@leftmargin=\dimen267
\caption@rightmargin=\dimen268
\caption@width=\dimen269
\caption@indent=\dimen270
\caption@parindent=\dimen271
\caption@hangindent=\dimen272
Package caption Info: Standard document class detected.
)
\c@caption@flags=\count353
\c@continuedfloat=\count354
Package caption Info: changepage package is loaded.
\caption@adjustwidth@hsize=\dimen273
\caption@adjustwidth@linewidth=\dimen274
Package caption Info: float package is loaded.
Package caption Info: hyperref package is loaded.
Package caption Info: longtable package is loaded.

(D:\Users\mathe\AppData\Local\Programs\MiKTeX\tex/latex/caption\ltcaption.sty
Package: ltcaption 2021/01/08 v1.4c longtable captions (AR)
)) (D:\Users\mathe\AppData\Local\Programs\MiKTeX\tex/latex/etoc\etoc.sty
Package: etoc 2023/10/29 v1.2d Completely customisable TOCs (JFB)
\Etoc@toctoks=\toks37
\c@etoc@tocid=\count355
\etoc@framed@titlebox=\box123
\etoc@framed@contentsbox=\box124
)
LaTeX Font Info:    Trying to load font information for T1+phv on input line 21
0.

(D:\Users\mathe\AppData\Local\Programs\MiKTeX\tex/latex/psnfss\t1phv.fd
File: t1phv.fd 2020/03/25 scalable font definitions for T1/phv.
)
LaTeX Font Info:    Font shape `T1/phv/m/n' will be
(Font)              scaled to size 8.99994pt on input line 210.

(D:\Users\mathe\AppData\Local\Programs\MiKTeX\tex/latex/l3backend\l3backend-pdf
tex.def
File: l3backend-pdftex.def 2025-03-14 L3 backend support: PDF output (pdfTeX)
\l__color_backend_stack_int=\count356
) (refman.aux
Package babel Info: 'portuges' activates 'portuges' shorthands.
(babel)             Reported  on input line 10.
)
\openout1 = `refman.aux'.

LaTeX Font Info:    Checking defaults for OML/cmm/m/it on input line 210.
LaTeX Font Info:    ... okay on input line 210.
LaTeX Font Info:    Checking defaults for OMS/cmsy/m/n on input line 210.
LaTeX Font Info:    ... okay on input line 210.
LaTeX Font Info:    Checking defaults for OT1/cmr/m/n on input line 210.
LaTeX Font Info:    ... okay on input line 210.
LaTeX Font Info:    Checking defaults for T1/cmr/m/n on input line 210.
LaTeX Font Info:    ... okay on input line 210.
LaTeX Font Info:    Checking defaults for TS1/cmr/m/n on input line 210.
LaTeX Font Info:    ... okay on input line 210.
LaTeX Font Info:    Checking defaults for OMX/cmex/m/n on input line 210.
LaTeX Font Info:    ... okay on input line 210.
LaTeX Font Info:    Checking defaults for U/cmr/m/n on input line 210.
LaTeX Font Info:    ... okay on input line 210.
LaTeX Font Info:    Checking defaults for PD1/pdf/m/n on input line 210.
LaTeX Font Info:    ... okay on input line 210.
LaTeX Font Info:    Checking defaults for PU/pdf/m/n on input line 210.
LaTeX Font Info:    ... okay on input line 210.

(D:\Users\mathe\AppData\Local\Programs\MiKTeX\tex/context/base/mkii\supp-pdf.mk
ii
[Loading MPS to PDF converter (version 2006.09.02).]
\scratchcounter=\count357
\scratchdimen=\dimen275
\scratchbox=\box125
\nofMPsegments=\count358
\nofMParguments=\count359
\everyMPshowfont=\toks38
\MPscratchCnt=\count360
\MPscratchDim=\dimen276
\MPnumerator=\count361
\makeMPintoPDFobject=\count362
\everyMPtoPDFconversion=\toks39
)
(D:\Users\mathe\AppData\Local\Programs\MiKTeX\tex/latex/epstopdf-pkg\epstopdf-b
ase.sty
Package: epstopdf-base 2020-01-24 v2.11 Base part for package epstopdf
Package epstopdf-base Info: Redefining graphics rule for `.eps' on input line 4
85.

(D:\Users\mathe\AppData\Local\Programs\MiKTeX\tex/latex/00miktex\epstopdf-sys.c
fg
File: epstopdf-sys.cfg 2021/03/18 v2.0 Configuration of epstopdf for MiKTeX
))
*geometry* driver: auto-detecting
*geometry* detected driver: pdftex
*geometry* verbose mode - [ preamble ] result:
* driver: pdftex
* paper: a4paper
* layout: <same size as paper>
* layoutoffset:(h,v)=(0.0pt,0.0pt)
* modes: twoside 
* h-part:(L,W,R)=(71.13188pt, 455.24411pt, 71.13188pt)
* v-part:(T,H,B)=(71.13188pt, 702.78308pt, 71.13188pt)
* \paperwidth=597.50787pt
* \paperheight=845.04684pt
* \textwidth=455.24411pt
* \textheight=702.78308pt
* \oddsidemargin=-1.1381pt
* \evensidemargin=-1.1381pt
* \topmargin=-31.2056pt
* \headheight=12.0pt
* \headsep=18.06749pt
* \topskip=10.0pt
* \footskip=25.29494pt
* \marginparwidth=125.0pt
* \marginparsep=7.0pt
* \columnsep=10.0pt
* \skip\footins=9.0pt plus 4.0pt minus 2.0pt
* \hoffset=0.0pt
* \voffset=0.0pt
* \mag=1000
* \@twocolumnfalse
* \@twosidetrue
* \@mparswitchtrue
* \@reversemarginfalse
* (1in=72.27pt=25.4mm, 1cm=28.453pt)

Package backref Info: ** backref set up for natbib ** on input line 210.
Package hyperref Info: Link coloring ON on input line 210.
(refman.out) (refman.out)
\@outlinefile=\write5
\openout5 = `refman.out'.

Package caption Info: Begin \AtBeginDocument code.
Package caption Info: End \AtBeginDocument code.
\Etoc@tf=\read5
Package hyperref Info: Option `pageanchor' set `false' on input line 218.
Package hyperref Info: Option `bookmarksnumbered' set `true' on input line 218.

Package hyperref Info: Option `unicode' set `true' on input line 218.
LaTeX Font Info:    Font shape `T1/phv/m/n' will be
(Font)              scaled to size 12.9599pt on input line 223.
LaTeX Font Info:    Font shape `T1/phv/m/n' will be
(Font)              scaled to size 6.29996pt on input line 223.
LaTeX Font Info:    Trying to load font information for U+msa on input line 223
.

(D:\Users\mathe\AppData\Local\Programs\MiKTeX\tex/latex/amsfonts\umsa.fd
File: umsa.fd 2013/01/14 v3.01 AMS symbols A
)
LaTeX Font Info:    Trying to load font information for U+msb on input line 223
.

(D:\Users\mathe\AppData\Local\Programs\MiKTeX\tex/latex/amsfonts\umsb.fd
File: umsb.fd 2013/01/14 v3.01 AMS symbols B
)
LaTeX Font Info:    Trying to load font information for U+wasy on input line 22
3.

(D:\Users\mathe\AppData\Local\Programs\MiKTeX\tex/latex/wasysym\uwasy.fd
File: uwasy.fd 2020/01/19 v2.4 Wasy-2 symbol font definitions
)
LaTeX Font Info:    Font shape `T1/phv/m/n' will be
(Font)              scaled to size 10.79993pt on input line 224.


[1


{C:/Users/mathe/AppData/Local/MiKTeX/fonts/map/pdftex/pdftex.map}{D:/Users/math
e/AppData/Local/Programs/MiKTeX/fonts/enc/dvips/base/8r.enc}]

[2

]
\tf@toc=\write6
\openout6 = `refman.toc'.

LaTeX Font Info:    Font shape `T1/phv/b/n' will be
(Font)              scaled to size 8.99994pt on input line 232.


LaTeX Font Info:    Font shape `T1/phv/b/n' will be
(Font)              scaled to size 6.29996pt on input line 232.
[1]

[2]

[3]

[4

]
Package hyperref Info: Option `pageanchor' set `true' on input line 235.

Cap\'{\i }tulo 1.
LaTeX Font Info:    Font shape `T1/phv/m/n' will be
(Font)              scaled to size 18.66588pt on input line 237.
LaTeX Font Info:    Font shape `T1/phv/b/n' will be
(Font)              scaled to size 18.66588pt on input line 237.
LaTeX Font Info:    Font shape `T1/phv/b/n' will be
(Font)              scaled to size 22.39185pt on input line 237.
(hierarchy.tex
LaTeX Font Info:    Font shape `T1/phv/b/n' will be
(Font)              scaled to size 12.9599pt on input line 1.
)

[1

]

Package babel Info: 'portuges' activates 'portuges' shorthands.
(babel)             Reported  on input line 239.
[2

]
Cap\'{\i }tulo 2.
(annotated.tex)

[3]

[4

]
Cap\'{\i }tulo 3.
(files.tex)

[5]

[6

]
Cap\'{\i }tulo 4.
(class_char_callback.tex <./class_char_callback__inherit__graph.pdf>
<class_char_callback__inherit__graph.pdf, id=573, 219.82124pt x 156.585pt>
File: class_char_callback__inherit__graph.pdf Graphic file (type pdf)
<use class_char_callback__inherit__graph.pdf>
Package pdftex.def Info: class_char_callback__inherit__graph.pdf  used on input
 line 14.
(pdftex.def)             Requested size: 219.0pt x 156.004pt.
 <./class_char_callback__coll__graph.pdf>
<class_char_callback__coll__graph.pdf, id=581, 219.82124pt x 156.585pt>
File: class_char_callback__coll__graph.pdf Graphic file (type pdf)
<use class_char_callback__coll__graph.pdf>
Package pdftex.def Info: class_char_callback__coll__graph.pdf  used on input li
ne 23.
(pdftex.def)             Requested size: 219.0pt x 156.004pt.
LaTeX Font Info:    Trying to load font information for TS1+phv on input line 2
9.

(D:\Users\mathe\AppData\Local\Programs\MiKTeX\tex/latex/psnfss\ts1phv.fd
File: ts1phv.fd 2020/03/25 scalable font definitions for TS1/phv.
)
LaTeX Font Info:    Font shape `TS1/phv/m/n' will be
(Font)              scaled to size 8.99994pt on input line 29.
LaTeX Font Info:    Font shape `T1/phv/b/n' will be
(Font)              scaled to size 10.79993pt on input line 33.


[7]
LaTeX Font Info:    Font shape `T1/phv/m/n' will be
(Font)              scaled to size 7.19995pt on input line 47.
LaTeX Font Info:    Trying to load font information for T1+pcr on input line 47
.
 (D:\Users\mathe\AppData\Local\Programs\MiKTeX\tex/latex/psnfss\t1pcr.fd
File: t1pcr.fd 2001/06/04 font definitions for T1/pcr.
)
LaTeX Font Info:    Font shape `T1/pcr/m/it' in size <8> not available
(Font)              Font shape `T1/pcr/m/sl' tried instead on input line 48.
LaTeX Font Info:    Font shape `T1/pcr/m/it' in size <7> not available
(Font)              Font shape `T1/pcr/m/sl' tried instead on input line 48.
 <./class_char_callback_ad6447b535c05ff3bb29cdc8716824639_cgraph.pdf>
<class_char_callback_ad6447b535c05ff3bb29cdc8716824639_cgraph.pdf, id=614, 313.
17pt x 252.945pt>
File: class_char_callback_ad6447b535c05ff3bb29cdc8716824639_cgraph.pdf Graphic 
file (type pdf)
<use class_char_callback_ad6447b535c05ff3bb29cdc8716824639_cgraph.pdf>
Package pdftex.def Info: class_char_callback_ad6447b535c05ff3bb29cdc8716824639_
cgraph.pdf  used on input line 82.
(pdftex.def)             Requested size: 312.0pt x 252.01035pt.


[8]) (class_my_server_callbacks.tex <./class_my_server_callbacks__inherit__grap
h.pdf>
<class_my_server_callbacks__inherit__graph.pdf, id=644, 187.70125pt x 156.585pt
>
File: class_my_server_callbacks__inherit__graph.pdf Graphic file (type pdf)
<use class_my_server_callbacks__inherit__graph.pdf>
Package pdftex.def Info: class_my_server_callbacks__inherit__graph.pdf  used on
 input line 14.
(pdftex.def)             Requested size: 187.0pt x 156.00879pt.
 <./class_my_server_callbacks__coll__graph.pdf>
<class_my_server_callbacks__coll__graph.pdf, id=652, 187.70125pt x 156.585pt>
File: class_my_server_callbacks__coll__graph.pdf Graphic file (type pdf)
<use class_my_server_callbacks__coll__graph.pdf>
Package pdftex.def Info: class_my_server_callbacks__coll__graph.pdf  used on in
put line 23.
(pdftex.def)             Requested size: 187.0pt x 156.00879pt.


[9])

[10]
Cap\'{\i }tulo 5.
(bleconfig_8cpp.tex <./bleconfig_8cpp__incl.pdf>
<bleconfig_8cpp__incl.pdf, id=684, 912.40875pt x 212.795pt>
File: bleconfig_8cpp__incl.pdf Graphic file (type pdf)
<use bleconfig_8cpp__incl.pdf>
Package pdftex.def Info: bleconfig_8cpp__incl.pdf  used on input line 14.
(pdftex.def)             Requested size: 350.0pt x 81.62598pt.
LaTeX Font Info:    Font shape `T1/phv/m/n' will be
(Font)              scaled to size 8.09995pt on input line 21.
LaTeX Font Info:    Font shape `T1/phv/m/it' in size <9> not available
(Font)              Font shape `T1/phv/m/sl' tried instead on input line 21.
LaTeX Font Info:    Font shape `T1/phv/m/sl' will be
(Font)              scaled to size 8.09995pt on input line 21.

Underfull \hbox (badness 2856) in paragraph at lines 27--29
[]\T1/phv/m/n/10 BLECharacteristic [] (BLEUUID((uint16[]_[]t) 0x2[]A6E), BLECha
racteristic[]::[]PROPERTY[]_[][]
 []


Underfull \hbox (badness 10000) in paragraph at lines 31--33
[]\T1/phv/m/n/10 BLECharacteristic [] (BLEUUID((uint16[]_[]t) 0x2[]B8F), BLECha
racteristic[]::[]PROPERTY[]_[][]
 []


Underfull \hbox (badness 10000) in paragraph at lines 35--37
[]\T1/phv/m/n/10 BLECharacteristic [] ("22399fc7-2eef-48c8-924c-bba26ca25376", 
BLECharacteristic[]::[]
 []


Overfull \hbox (62.09142pt too wide) in paragraph at lines 35--37
\T1/phv/m/n/10 PROPERTY[]_[][]READ$\OMS/cmsy/m/n/10 j$\T1/phv/m/n/10 BLECharact
eristic[]::[]PROPERTY[]_[][]NOTIFY$\OMS/cmsy/m/n/10 j$\T1/phv/m/n/10 BLECharact
eristic[]::[]PROPERTY[]_[][]WRITE$\OMS/cmsy/m/n/10 j$\T1/phv/m/n/10 BLECharacte
ristic[]
 []


Underfull \hbox (badness 10000) in paragraph at lines 39--41
[]\T1/phv/m/n/10 BLECharacteristic [] ("09caff73-bfcf-4066-90a1-b142a385d7f6", 
BLECharacteristic[]::[]
 []


Overfull \hbox (62.09142pt too wide) in paragraph at lines 39--41
\T1/phv/m/n/10 PROPERTY[]_[][]READ$\OMS/cmsy/m/n/10 j$\T1/phv/m/n/10 BLECharact
eristic[]::[]PROPERTY[]_[][]NOTIFY$\OMS/cmsy/m/n/10 j$\T1/phv/m/n/10 BLECharact
eristic[]::[]PROPERTY[]_[][]WRITE$\OMS/cmsy/m/n/10 j$\T1/phv/m/n/10 BLECharacte
ristic[]
 []


Underfull \hbox (badness 10000) in paragraph at lines 43--45
[]\T1/phv/m/n/10 BLECharacteristic [] ("74ddaf0d-dd25-4c8f-bb76-bee0df68c786", 
BLECharacteristic[]::[]
 []


Overfull \hbox (62.09142pt too wide) in paragraph at lines 43--45
\T1/phv/m/n/10 PROPERTY[]_[][]READ$\OMS/cmsy/m/n/10 j$\T1/phv/m/n/10 BLECharact
eristic[]::[]PROPERTY[]_[][]NOTIFY$\OMS/cmsy/m/n/10 j$\T1/phv/m/n/10 BLECharact
eristic[]::[]PROPERTY[]_[][]WRITE$\OMS/cmsy/m/n/10 j$\T1/phv/m/n/10 BLECharacte
ristic[]
 []



[11

]
Underfull \hbox (badness 10000) in paragraph at lines 47--49
[]\T1/phv/m/n/10 BLECharacteristic [] ("bd96b429-e88d-4702-9450-f023c08e509c", 
BLECharacteristic[]::[]
 []


Overfull \hbox (62.09142pt too wide) in paragraph at lines 47--49
\T1/phv/m/n/10 PROPERTY[]_[][]READ$\OMS/cmsy/m/n/10 j$\T1/phv/m/n/10 BLECharact
eristic[]::[]PROPERTY[]_[][]NOTIFY$\OMS/cmsy/m/n/10 j$\T1/phv/m/n/10 BLECharact
eristic[]::[]PROPERTY[]_[][]WRITE$\OMS/cmsy/m/n/10 j$\T1/phv/m/n/10 BLECharacte
ristic[]
 []

 <./bleconfig_8cpp_a9f566969550d007df837c1490bb6316b_icgraph.pdf>
<bleconfig_8cpp_a9f566969550d007df837c1490bb6316b_icgraph.pdf, id=724, 228.855p
t x 100.375pt>
File: bleconfig_8cpp_a9f566969550d007df837c1490bb6316b_icgraph.pdf Graphic file
 (type pdf)
<use bleconfig_8cpp_a9f566969550d007df837c1490bb6316b_icgraph.pdf>
Package pdftex.def Info: bleconfig_8cpp_a9f566969550d007df837c1490bb6316b_icgra
ph.pdf  used on input line 86.
(pdftex.def)             Requested size: 228.0pt x 100.00409pt.


[12] <./bleconfig_8cpp_a5c0efe429f3a4ddda46992fd1c9e08fc_cgraph.pdf>
<bleconfig_8cpp_a5c0efe429f3a4ddda46992fd1c9e08fc_cgraph.pdf, id=786, 271.0125p
t x 291.0875pt>
File: bleconfig_8cpp_a5c0efe429f3a4ddda46992fd1c9e08fc_cgraph.pdf Graphic file 
(type pdf)
<use bleconfig_8cpp_a5c0efe429f3a4ddda46992fd1c9e08fc_cgraph.pdf>
Package pdftex.def Info: bleconfig_8cpp_a5c0efe429f3a4ddda46992fd1c9e08fc_cgrap
h.pdf  used on input line 152.
(pdftex.def)             Requested size: 270.0pt x 290.0119pt.


[13] <./bleconfig_8cpp_a5c0efe429f3a4ddda46992fd1c9e08fc_icgraph.pdf>
<bleconfig_8cpp_a5c0efe429f3a4ddda46992fd1c9e08fc_icgraph.pdf, id=802, 217.8137
5pt x 100.375pt>
File: bleconfig_8cpp_a5c0efe429f3a4ddda46992fd1c9e08fc_icgraph.pdf Graphic file
 (type pdf)
<use bleconfig_8cpp_a5c0efe429f3a4ddda46992fd1c9e08fc_icgraph.pdf>
Package pdftex.def Info: bleconfig_8cpp_a5c0efe429f3a4ddda46992fd1c9e08fc_icgra
ph.pdf  used on input line 159.
(pdftex.def)             Requested size: 217.0pt x 99.9995pt.

Overfull \hbox (18.56544pt too wide) in paragraph at lines 166--167
|  \T1/pcr/m/n/8 BLECharacteristic[]::[]PROPERTY[]_[][]READ$\OMS/cmsy/m/n/8 j$\
T1/pcr/m/n/8 BLECharacteristic[]::[]PROPERTY[]_[][]NOTIFY$\OMS/cmsy/m/n/8 j$\T1
/pcr/m/n/8 BLECharacteristic[]
 []

 <./bleconfig_8cpp_a010ccc34905f7cc9655974adc9ce3658_icgraph.pdf>
<bleconfig_8cpp_a010ccc34905f7cc9655974adc9ce3658_icgraph.pdf, id=810, 306.1437
5pt x 100.375pt>
File: bleconfig_8cpp_a010ccc34905f7cc9655974adc9ce3658_icgraph.pdf Graphic file
 (type pdf)
<use bleconfig_8cpp_a010ccc34905f7cc9655974adc9ce3658_icgraph.pdf>
Package pdftex.def Info: bleconfig_8cpp_a010ccc34905f7cc9655974adc9ce3658_icgra
ph.pdf  used on input line 172.
(pdftex.def)             Requested size: 305.0pt x 100.00562pt.


[14] <./bleconfig_8cpp_a6631abdf9342c486ac682344cdb0baba_icgraph.pdf>
<bleconfig_8cpp_a6631abdf9342c486ac682344cdb0baba_icgraph.pdf, id=825, 331.2375
pt x 100.375pt>
File: bleconfig_8cpp_a6631abdf9342c486ac682344cdb0baba_icgraph.pdf Graphic file
 (type pdf)
<use bleconfig_8cpp_a6631abdf9342c486ac682344cdb0baba_icgraph.pdf>
Package pdftex.def Info: bleconfig_8cpp_a6631abdf9342c486ac682344cdb0baba_icgra
ph.pdf  used on input line 185.
(pdftex.def)             Requested size: 330.0pt x 100.00409pt.

Overfull \hbox (18.56544pt too wide) in paragraph at lines 192--193
|  \T1/pcr/m/n/8 BLECharacteristic[]::[]PROPERTY[]_[][]READ$\OMS/cmsy/m/n/8 j$\
T1/pcr/m/n/8 BLECharacteristic[]::[]PROPERTY[]_[][]NOTIFY$\OMS/cmsy/m/n/8 j$\T1
/pcr/m/n/8 BLECharacteristic[]
 []

 <./bleconfig_8cpp_a52de2f616e8f99d8b7cf055658e96105_icgraph.pdf>
<bleconfig_8cpp_a52de2f616e8f99d8b7cf055658e96105_icgraph.pdf, id=833, 306.1437
5pt x 100.375pt>
File: bleconfig_8cpp_a52de2f616e8f99d8b7cf055658e96105_icgraph.pdf Graphic file
 (type pdf)
<use bleconfig_8cpp_a52de2f616e8f99d8b7cf055658e96105_icgraph.pdf>
Package pdftex.def Info: bleconfig_8cpp_a52de2f616e8f99d8b7cf055658e96105_icgra
ph.pdf  used on input line 198.
(pdftex.def)             Requested size: 305.0pt x 100.00562pt.
 <./bleconfig_8cpp_ab0d48f79db265c260a47817cd61ad676_icgraph.pdf>
<bleconfig_8cpp_ab0d48f79db265c260a47817cd61ad676_icgraph.pdf, id=841, 331.2375
pt x 100.375pt>
File: bleconfig_8cpp_ab0d48f79db265c260a47817cd61ad676_icgraph.pdf Graphic file
 (type pdf)
<use bleconfig_8cpp_ab0d48f79db265c260a47817cd61ad676_icgraph.pdf>
Package pdftex.def Info: bleconfig_8cpp_ab0d48f79db265c260a47817cd61ad676_icgra
ph.pdf  used on input line 211.
(pdftex.def)             Requested size: 330.0pt x 100.00409pt.


[15]
Overfull \hbox (18.56544pt too wide) in paragraph at lines 218--219
|  \T1/pcr/m/n/8 BLECharacteristic[]::[]PROPERTY[]_[][]READ$\OMS/cmsy/m/n/8 j$\
T1/pcr/m/n/8 BLECharacteristic[]::[]PROPERTY[]_[][]NOTIFY$\OMS/cmsy/m/n/8 j$\T1
/pcr/m/n/8 BLECharacteristic[]
 []

 <./bleconfig_8cpp_a840b910ed5a8e9e5665365d330f81295_icgraph.pdf>
<bleconfig_8cpp_a840b910ed5a8e9e5665365d330f81295_icgraph.pdf, id=857, 305.14pt
 x 100.375pt>
File: bleconfig_8cpp_a840b910ed5a8e9e5665365d330f81295_icgraph.pdf Graphic file
 (type pdf)
<use bleconfig_8cpp_a840b910ed5a8e9e5665365d330f81295_icgraph.pdf>
Package pdftex.def Info: bleconfig_8cpp_a840b910ed5a8e9e5665365d330f81295_icgra
ph.pdf  used on input line 224.
(pdftex.def)             Requested size: 304.0pt x 100.00409pt.
 <./bleconfig_8cpp_a1cbe1235606de50d263b23fd87a27f1f_icgraph.pdf>
<bleconfig_8cpp_a1cbe1235606de50d263b23fd87a27f1f_icgraph.pdf, id=865, 330.2337
5pt x 100.375pt>
File: bleconfig_8cpp_a1cbe1235606de50d263b23fd87a27f1f_icgraph.pdf Graphic file
 (type pdf)
<use bleconfig_8cpp_a1cbe1235606de50d263b23fd87a27f1f_icgraph.pdf>
Package pdftex.def Info: bleconfig_8cpp_a1cbe1235606de50d263b23fd87a27f1f_icgra
ph.pdf  used on input line 237.
(pdftex.def)             Requested size: 329.0pt x 100.00409pt.


[16] <./bleconfig_8cpp_a0962a981d8b0fee9f4d0af772bdd319e_icgraph.pdf>
<bleconfig_8cpp_a0962a981d8b0fee9f4d0af772bdd319e_icgraph.pdf, id=881, 347.2975
pt x 100.375pt>
File: bleconfig_8cpp_a0962a981d8b0fee9f4d0af772bdd319e_icgraph.pdf Graphic file
 (type pdf)
<use bleconfig_8cpp_a0962a981d8b0fee9f4d0af772bdd319e_icgraph.pdf>
Package pdftex.def Info: bleconfig_8cpp_a0962a981d8b0fee9f4d0af772bdd319e_icgra
ph.pdf  used on input line 256.
(pdftex.def)             Requested size: 346.0pt x 100.00409pt.

Overfull \hbox (18.56544pt too wide) in paragraph at lines 263--264
|  \T1/pcr/m/n/8 BLECharacteristic[]::[]PROPERTY[]_[][]READ$\OMS/cmsy/m/n/8 j$\
T1/pcr/m/n/8 BLECharacteristic[]::[]PROPERTY[]_[][]NOTIFY$\OMS/cmsy/m/n/8 j$\T1
/pcr/m/n/8 BLECharacteristic[]
 []

 <./bleconfig_8cpp_a471c54ed74a210fdae2b309648feac3b_icgraph.pdf>
<bleconfig_8cpp_a471c54ed74a210fdae2b309648feac3b_icgraph.pdf, id=889, 312.1662
4pt x 100.375pt>
File: bleconfig_8cpp_a471c54ed74a210fdae2b309648feac3b_icgraph.pdf Graphic file
 (type pdf)
<use bleconfig_8cpp_a471c54ed74a210fdae2b309648feac3b_icgraph.pdf>
Package pdftex.def Info: bleconfig_8cpp_a471c54ed74a210fdae2b309648feac3b_icgra
ph.pdf  used on input line 269.
(pdftex.def)             Requested size: 311.0pt x 100.00255pt.
 <./bleconfig_8cpp_a796c95a5f393a0b35df0662a34d87793_icgraph.pdf>
<bleconfig_8cpp_a796c95a5f393a0b35df0662a34d87793_icgraph.pdf, id=897, 337.26pt
 x 100.375pt>
File: bleconfig_8cpp_a796c95a5f393a0b35df0662a34d87793_icgraph.pdf Graphic file
 (type pdf)
<use bleconfig_8cpp_a796c95a5f393a0b35df0662a34d87793_icgraph.pdf>
Package pdftex.def Info: bleconfig_8cpp_a796c95a5f393a0b35df0662a34d87793_icgra
ph.pdf  used on input line 282.
(pdftex.def)             Requested size: 336.0pt x 100.00255pt.


[17]
Overfull \hbox (18.56544pt too wide) in paragraph at lines 289--290
|  \T1/pcr/m/n/8 BLECharacteristic[]::[]PROPERTY[]_[][]READ$\OMS/cmsy/m/n/8 j$\
T1/pcr/m/n/8 BLECharacteristic[]::[]PROPERTY[]_[][]NOTIFY$\OMS/cmsy/m/n/8 j$\T1
/pcr/m/n/8 BLECharacteristic[]
 []

 <./bleconfig_8cpp_a607efe564a574dd9ff9494992df9e4b0_icgraph.pdf>
<bleconfig_8cpp_a607efe564a574dd9ff9494992df9e4b0_icgraph.pdf, id=912, 313.17pt
 x 100.375pt>
File: bleconfig_8cpp_a607efe564a574dd9ff9494992df9e4b0_icgraph.pdf Graphic file
 (type pdf)
<use bleconfig_8cpp_a607efe564a574dd9ff9494992df9e4b0_icgraph.pdf>
Package pdftex.def Info: bleconfig_8cpp_a607efe564a574dd9ff9494992df9e4b0_icgra
ph.pdf  used on input line 295.
(pdftex.def)             Requested size: 312.0pt x 100.00409pt.
 <./bleconfig_8cpp_a4393c035390ec7c37282009cedb4d801_icgraph.pdf>
<bleconfig_8cpp_a4393c035390ec7c37282009cedb4d801_icgraph.pdf, id=920, 338.2637
5pt x 100.375pt>
File: bleconfig_8cpp_a4393c035390ec7c37282009cedb4d801_icgraph.pdf Graphic file
 (type pdf)
<use bleconfig_8cpp_a4393c035390ec7c37282009cedb4d801_icgraph.pdf>
Package pdftex.def Info: bleconfig_8cpp_a4393c035390ec7c37282009cedb4d801_icgra
ph.pdf  used on input line 308.
(pdftex.def)             Requested size: 337.0pt x 100.00255pt.
) (ble_config_8h.tex <./ble_config_8h__incl.pdf>
<ble_config_8h__incl.pdf, id=928, 408.52625pt x 156.585pt>
File: ble_config_8h__incl.pdf Graphic file (type pdf)
<use ble_config_8h__incl.pdf>
Package pdftex.def Info: ble_config_8h__incl.pdf  used on input line 16.
(pdftex.def)             Requested size: 350.0pt x 134.1587pt.


[18] <./ble_config_8h__dep__incl.pdf>
<ble_config_8h__dep__incl.pdf, id=944, 228.855pt x 156.585pt>
File: ble_config_8h__dep__incl.pdf Graphic file (type pdf)
<use ble_config_8h__dep__incl.pdf>
Package pdftex.def Info: ble_config_8h__dep__incl.pdf  used on input line 23.
(pdftex.def)             Requested size: 228.0pt x 156.0064pt.


[19] <./ble_config_8h_a9f566969550d007df837c1490bb6316b_icgraph.pdf>
<ble_config_8h_a9f566969550d007df837c1490bb6316b_icgraph.pdf, id=974, 228.855pt
 x 100.375pt>
File: ble_config_8h_a9f566969550d007df837c1490bb6316b_icgraph.pdf Graphic file 
(type pdf)
<use ble_config_8h_a9f566969550d007df837c1490bb6316b_icgraph.pdf>
Package pdftex.def Info: ble_config_8h_a9f566969550d007df837c1490bb6316b_icgrap
h.pdf  used on input line 99.
(pdftex.def)             Requested size: 228.0pt x 100.00409pt.


[20] <./ble_config_8h_a5c0efe429f3a4ddda46992fd1c9e08fc_cgraph.pdf>
<ble_config_8h_a5c0efe429f3a4ddda46992fd1c9e08fc_cgraph.pdf, id=1029, 271.0125p
t x 291.0875pt>
File: ble_config_8h_a5c0efe429f3a4ddda46992fd1c9e08fc_cgraph.pdf Graphic file (
type pdf)
<use ble_config_8h_a5c0efe429f3a4ddda46992fd1c9e08fc_cgraph.pdf>
Package pdftex.def Info: ble_config_8h_a5c0efe429f3a4ddda46992fd1c9e08fc_cgraph
.pdf  used on input line 165.
(pdftex.def)             Requested size: 270.0pt x 290.0119pt.


[21] <./ble_config_8h_a5c0efe429f3a4ddda46992fd1c9e08fc_icgraph.pdf>
<ble_config_8h_a5c0efe429f3a4ddda46992fd1c9e08fc_icgraph.pdf, id=1041, 217.8137
5pt x 100.375pt>
File: ble_config_8h_a5c0efe429f3a4ddda46992fd1c9e08fc_icgraph.pdf Graphic file 
(type pdf)
<use ble_config_8h_a5c0efe429f3a4ddda46992fd1c9e08fc_icgraph.pdf>
Package pdftex.def Info: ble_config_8h_a5c0efe429f3a4ddda46992fd1c9e08fc_icgrap
h.pdf  used on input line 172.
(pdftex.def)             Requested size: 217.0pt x 99.9995pt.
)
(ble_config_8h_source.tex

[22]) (funcoes_8cpp.tex <./funcoes_8cpp__incl.pdf>
<funcoes_8cpp__incl.pdf, id=1061, 566.115pt x 212.795pt>
File: funcoes_8cpp__incl.pdf Graphic file (type pdf)
<use funcoes_8cpp__incl.pdf>
Package pdftex.def Info: funcoes_8cpp__incl.pdf  used on input line 13.
(pdftex.def)             Requested size: 350.0pt x 131.5646pt.
LaTeX Font Info:    Font shape `T1/phv/m/it' in size <7> not available
(Font)              Font shape `T1/phv/m/sl' tried instead on input line 20.
LaTeX Font Info:    Font shape `T1/phv/m/sl' will be
(Font)              scaled to size 6.29996pt on input line 20.


[23] <./funcoes_8cpp_ae37aeb6cc3ac00302fef48cad121e04a_icgraph.pdf>
<funcoes_8cpp_ae37aeb6cc3ac00302fef48cad121e04a_icgraph.pdf, id=1099, 238.8925p
t x 100.375pt>
File: funcoes_8cpp_ae37aeb6cc3ac00302fef48cad121e04a_icgraph.pdf Graphic file (
type pdf)
<use funcoes_8cpp_ae37aeb6cc3ac00302fef48cad121e04a_icgraph.pdf>
Package pdftex.def Info: funcoes_8cpp_ae37aeb6cc3ac00302fef48cad121e04a_icgraph
.pdf  used on input line 72.
(pdftex.def)             Requested size: 238.0pt x 99.9995pt.

Underfull \hbox (badness 10000) detected at line 92
[][][]
 []



[24] <./funcoes_8cpp_a420a08393185ceba2855a2de10715128_icgraph.pdf>
<funcoes_8cpp_a420a08393185ceba2855a2de10715128_icgraph.pdf, id=1117, 226.8475p
t x 100.375pt>
File: funcoes_8cpp_a420a08393185ceba2855a2de10715128_icgraph.pdf Graphic file (
type pdf)
<use funcoes_8cpp_a420a08393185ceba2855a2de10715128_icgraph.pdf>
Package pdftex.def Info: funcoes_8cpp_a420a08393185ceba2855a2de10715128_icgraph
.pdf  used on input line 122.
(pdftex.def)             Requested size: 226.0pt x 100.00102pt.
 <./funcoes_8cpp_ac0864cde0bddc4d52913c6a7215a85c8_icgraph.pdf>
<funcoes_8cpp_ac0864cde0bddc4d52913c6a7215a85c8_icgraph.pdf, id=1125, 242.9075p
t x 100.375pt>
File: funcoes_8cpp_ac0864cde0bddc4d52913c6a7215a85c8_icgraph.pdf Graphic file (
type pdf)
<use funcoes_8cpp_ac0864cde0bddc4d52913c6a7215a85c8_icgraph.pdf>
Package pdftex.def Info: funcoes_8cpp_ac0864cde0bddc4d52913c6a7215a85c8_icgraph
.pdf  used on input line 147.
(pdftex.def)             Requested size: 242.0pt x 99.9995pt.


[25]
Underfull \hbox (badness 10000) detected at line 165
[][][]
 []

 <./funcoes_8cpp_a496d1413601446647f4f6e259120b832_icgraph.pdf>
<funcoes_8cpp_a496d1413601446647f4f6e259120b832_icgraph.pdf, id=1144, 219.82124
pt x 100.375pt>
File: funcoes_8cpp_a496d1413601446647f4f6e259120b832_icgraph.pdf Graphic file (
type pdf)
<use funcoes_8cpp_a496d1413601446647f4f6e259120b832_icgraph.pdf>
Package pdftex.def Info: funcoes_8cpp_a496d1413601446647f4f6e259120b832_icgraph
.pdf  used on input line 202.
(pdftex.def)             Requested size: 219.0pt x 100.00255pt.

Underfull \hbox (badness 10000) detected at line 220
[][][]
 []



[26] <./funcoes_8cpp_aab7876312534d1d5cb2b52368d8a66aa_icgraph.pdf>
<funcoes_8cpp_aab7876312534d1d5cb2b52368d8a66aa_icgraph.pdf, id=1165, 228.855pt
 x 100.375pt>
File: funcoes_8cpp_aab7876312534d1d5cb2b52368d8a66aa_icgraph.pdf Graphic file (
type pdf)
<use funcoes_8cpp_aab7876312534d1d5cb2b52368d8a66aa_icgraph.pdf>
Package pdftex.def Info: funcoes_8cpp_aab7876312534d1d5cb2b52368d8a66aa_icgraph
.pdf  used on input line 258.
(pdftex.def)             Requested size: 228.0pt x 100.00409pt.
 <./funcoes_8cpp_a18165d9dc3d16f2b88e24905b7706472_icgraph.pdf>
<funcoes_8cpp_a18165d9dc3d16f2b88e24905b7706472_icgraph.pdf, id=1180, 225.84375
pt x 100.375pt>
File: funcoes_8cpp_a18165d9dc3d16f2b88e24905b7706472_icgraph.pdf Graphic file (
type pdf)
<use funcoes_8cpp_a18165d9dc3d16f2b88e24905b7706472_icgraph.pdf>
Package pdftex.def Info: funcoes_8cpp_a18165d9dc3d16f2b88e24905b7706472_icgraph
.pdf  used on input line 301.
(pdftex.def)             Requested size: 225.0pt x 100.00562pt.
) (funcoes_8h.tex

[27] <./funcoes_8h__incl.pdf>
<funcoes_8h__incl.pdf, id=1196, 566.115pt x 156.585pt>
File: funcoes_8h__incl.pdf Graphic file (type pdf)
<use funcoes_8h__incl.pdf>
Package pdftex.def Info: funcoes_8h__incl.pdf  used on input line 18.
(pdftex.def)             Requested size: 350.0pt x 96.81169pt.
 <./funcoes_8h__dep__incl.pdf>
<funcoes_8h__dep__incl.pdf, id=1204, 317.185pt x 156.585pt>
File: funcoes_8h__dep__incl.pdf Graphic file (type pdf)
<use funcoes_8h__dep__incl.pdf>
Package pdftex.def Info: funcoes_8h__dep__incl.pdf  used on input line 25.
(pdftex.def)             Requested size: 316.0pt x 156.01357pt.


[28] <./funcoes_8h_ae37aeb6cc3ac00302fef48cad121e04a_icgraph.pdf>
<funcoes_8h_ae37aeb6cc3ac00302fef48cad121e04a_icgraph.pdf, id=1247, 238.8925pt 
x 100.375pt>
File: funcoes_8h_ae37aeb6cc3ac00302fef48cad121e04a_icgraph.pdf Graphic file (ty
pe pdf)
<use funcoes_8h_ae37aeb6cc3ac00302fef48cad121e04a_icgraph.pdf>
Package pdftex.def Info: funcoes_8h_ae37aeb6cc3ac00302fef48cad121e04a_icgraph.p
df  used on input line 104.
(pdftex.def)             Requested size: 238.0pt x 99.9995pt.


[29]
Underfull \hbox (badness 10000) detected at line 124
[][][]
 []

 <./funcoes_8h_a420a08393185ceba2855a2de10715128_icgraph.pdf>
<funcoes_8h_a420a08393185ceba2855a2de10715128_icgraph.pdf, id=1276, 226.8475pt 
x 100.375pt>
File: funcoes_8h_a420a08393185ceba2855a2de10715128_icgraph.pdf Graphic file (ty
pe pdf)
<use funcoes_8h_a420a08393185ceba2855a2de10715128_icgraph.pdf>
Package pdftex.def Info: funcoes_8h_a420a08393185ceba2855a2de10715128_icgraph.p
df  used on input line 154.
(pdftex.def)             Requested size: 226.0pt x 100.00102pt.


[30] <./funcoes_8h_ac0864cde0bddc4d52913c6a7215a85c8_icgraph.pdf>
<funcoes_8h_ac0864cde0bddc4d52913c6a7215a85c8_icgraph.pdf, id=1292, 242.9075pt 
x 100.375pt>
File: funcoes_8h_ac0864cde0bddc4d52913c6a7215a85c8_icgraph.pdf Graphic file (ty
pe pdf)
<use funcoes_8h_ac0864cde0bddc4d52913c6a7215a85c8_icgraph.pdf>
Package pdftex.def Info: funcoes_8h_ac0864cde0bddc4d52913c6a7215a85c8_icgraph.p
df  used on input line 179.
(pdftex.def)             Requested size: 242.0pt x 99.9995pt.


[31]
Underfull \hbox (badness 10000) detected at line 197
[][][]
 []

 <./funcoes_8h_a496d1413601446647f4f6e259120b832_icgraph.pdf>
<funcoes_8h_a496d1413601446647f4f6e259120b832_icgraph.pdf, id=1311, 219.82124pt
 x 100.375pt>
File: funcoes_8h_a496d1413601446647f4f6e259120b832_icgraph.pdf Graphic file (ty
pe pdf)
<use funcoes_8h_a496d1413601446647f4f6e259120b832_icgraph.pdf>
Package pdftex.def Info: funcoes_8h_a496d1413601446647f4f6e259120b832_icgraph.p
df  used on input line 234.
(pdftex.def)             Requested size: 219.0pt x 100.00255pt.

Underfull \hbox (badness 10000) detected at line 252
[][][]
 []



[32] <./funcoes_8h_aab7876312534d1d5cb2b52368d8a66aa_icgraph.pdf>
<funcoes_8h_aab7876312534d1d5cb2b52368d8a66aa_icgraph.pdf, id=1330, 228.855pt x
 100.375pt>
File: funcoes_8h_aab7876312534d1d5cb2b52368d8a66aa_icgraph.pdf Graphic file (ty
pe pdf)
<use funcoes_8h_aab7876312534d1d5cb2b52368d8a66aa_icgraph.pdf>
Package pdftex.def Info: funcoes_8h_aab7876312534d1d5cb2b52368d8a66aa_icgraph.p
df  used on input line 290.
(pdftex.def)             Requested size: 228.0pt x 100.00409pt.
 <./funcoes_8h_a18165d9dc3d16f2b88e24905b7706472_icgraph.pdf>
<funcoes_8h_a18165d9dc3d16f2b88e24905b7706472_icgraph.pdf, id=1345, 225.84375pt
 x 100.375pt>
File: funcoes_8h_a18165d9dc3d16f2b88e24905b7706472_icgraph.pdf Graphic file (ty
pe pdf)
<use funcoes_8h_a18165d9dc3d16f2b88e24905b7706472_icgraph.pdf>
Package pdftex.def Info: funcoes_8h_a18165d9dc3d16f2b88e24905b7706472_icgraph.p
df  used on input line 333.
(pdftex.def)             Requested size: 225.0pt x 100.00562pt.


[33]

[34]) (funcoes_8h_source.tex) (main_8cpp.tex <./main_8cpp__incl.pdf>
<main_8cpp__incl.pdf, id=1382, 1040.88875pt x 212.795pt>
File: main_8cpp__incl.pdf Graphic file (type pdf)
<use main_8cpp__incl.pdf>
Package pdftex.def Info: main_8cpp__incl.pdf  used on input line 18.
(pdftex.def)             Requested size: 350.0pt x 71.55057pt.


[35]

[36]
Underfull \hbox (badness 10000) detected at line 84
[][][]
 []


Underfull \hbox (badness 10000) detected at line 87
[][][]
 []



[37]

[38] <./main_8cpp_a4fc01d736fe50cf5b977f755b675f11d_cgraph.pdf>
<main_8cpp_a4fc01d736fe50cf5b977f755b675f11d_cgraph.pdf, id=1467, 372.39125pt x
 424.58624pt>
File: main_8cpp_a4fc01d736fe50cf5b977f755b675f11d_cgraph.pdf Graphic file (type
 pdf)
<use main_8cpp_a4fc01d736fe50cf5b977f755b675f11d_cgraph.pdf>
Package pdftex.def Info: main_8cpp_a4fc01d736fe50cf5b977f755b675f11d_cgraph.pdf
  used on input line 223.
(pdftex.def)             Requested size: 350.0pt x 399.07225pt.


[39]

[40])

[41]

[42

]
No file refman.ind.
(refman.aux)
 ***********
LaTeX2e <2024-11-01> patch level 2
L3 programming layer <2025-03-26>
 ***********
Package rerunfilecheck Info: File `refman.out' has not changed.
(rerunfilecheck)             Checksum: 836791F2FA715A0E490FE894321651E7;19205.
 ) 
Here is how much of TeX's memory you used:
 20023 strings out of 469959
 347316 string characters out of 5469835
 752484 words of memory out of 5000000
 46168 multiletter control sequences out of 15000+600000
 679433 words of font info for 106 fonts, out of 8000000 for 9000
 1141 hyphenation exceptions out of 8191
 101i,16n,117p,535b,765s stack positions out of 10000i,1000n,20000p,200000b,200000s
<D:/Users/mathe/AppData/Local/Programs/MiKTeX/fonts/type1/public/amsfonts/cm/
cmmi10.pfb><D:/Users/mathe/AppData/Local/Programs/MiKTeX/fonts/type1/public/ams
fonts/cm/cmmi7.pfb><D:/Users/mathe/AppData/Local/Programs/MiKTeX/fonts/type1/pu
blic/amsfonts/cm/cmsy10.pfb><D:/Users/mathe/AppData/Local/Programs/MiKTeX/fonts
/type1/public/amsfonts/cm/cmsy7.pfb><D:/Users/mathe/AppData/Local/Programs/MiKT
eX/fonts/type1/public/amsfonts/cm/cmsy8.pfb><D:/Users/mathe/AppData/Local/Progr
ams/MiKTeX/fonts/type1/urw/courier/ucrr8a.pfb><D:/Users/mathe/AppData/Local/Pro
grams/MiKTeX/fonts/type1/urw/courier/ucrro8a.pfb><D:/Users/mathe/AppData/Local/
Programs/MiKTeX/fonts/type1/urw/helvetic/uhvb8a.pfb><D:/Users/mathe/AppData/Loc
al/Programs/MiKTeX/fonts/type1/urw/helvetic/uhvb8ac.pfb><D:/Users/mathe/AppData
/Local/Programs/MiKTeX/fonts/type1/urw/helvetic/uhvr8a.pfb><D:/Users/mathe/AppD
ata/Local/Programs/MiKTeX/fonts/type1/urw/helvetic/uhvro8a.pfb>
Output written on refman.pdf (48 pages, 972167 bytes).
PDF statistics:
 1603 PDF objects out of 1728 (max. 8388607)
 286 named destinations out of 1000 (max. 500000)
 1011 words of extra memory for PDF output out of 10000 (max. 10000000)

